2025-01-12 21:20:59 INFO  o.h.validator.internal.util.Version - HV000001: Hibernate Validator 8.0.1.Final
2025-01-12 21:21:00 INFO  org.JavaPE.PostTests - Starting PostTests using Java 21 with PID 30364 (started by thibe in C:\Users\thibe\Documents\Toegepaste informatica\FullstackJava\project-ThibeauNauwelaertsPXL\backend-java\post-service)
2025-01-12 21:21:00 INFO  org.JavaPE.PostTests - Starting PostTests using Java 21 with PID 30364 (started by thibe in C:\Users\thibe\Documents\Toegepaste informatica\FullstackJava\project-ThibeauNauwelaertsPXL\backend-java\post-service)
2025-01-12 21:21:00 DEBUG org.JavaPE.PostTests - Running with Spring Boot v3.3.5, Spring v6.1.14
2025-01-12 21:21:00 DEBUG org.JavaPE.PostTests - Running with Spring Boot v3.3.5, Spring v6.1.14
2025-01-12 21:21:00 INFO  org.JavaPE.PostTests - The following 1 profile is active: "test"
2025-01-12 21:21:00 INFO  org.JavaPE.PostTests - The following 1 profile is active: "test"
2025-01-12 21:21:00 INFO  o.s.c.c.c.ConfigServerConfigDataLoader - Fetching config from server at : http://localhost:8080/
2025-01-12 21:21:00 INFO  o.s.c.c.c.ConfigServerConfigDataLoader - Located environment: name=post-service, profiles=[default], label=null, version=null, state=null
2025-01-12 21:21:00 INFO  o.s.c.c.c.ConfigServerConfigDataLoader - Fetching config from server at : http://localhost:8080/
2025-01-12 21:21:00 INFO  o.s.c.c.c.ConfigServerConfigDataLoader - Located environment: name=post-service, profiles=[test], label=null, version=null, state=null
2025-01-12 21:21:02 INFO  o.s.d.r.c.RepositoryConfigurationDelegate - Bootstrapping Spring Data JPA repositories in DEFAULT mode.
2025-01-12 21:21:02 INFO  o.s.d.r.c.RepositoryConfigurationDelegate - Finished Spring Data repository scanning in 363 ms. Found 1 JPA repository interface.
2025-01-12 21:21:03 INFO  o.s.cloud.context.scope.GenericScope - BeanFactory id=7bcc7f12-f106-3c82-8c7b-5f47ed6ce9b8
2025-01-12 21:21:06 WARN  o.s.c.s.PostProcessorRegistrationDelegate$BeanPostProcessorChecker - Bean 'org.springframework.cloud.client.loadbalancer.LoadBalancerAutoConfiguration$DeferringLoadBalancerInterceptorConfig' of type [org.springframework.cloud.client.loadbalancer.LoadBalancerAutoConfiguration$DeferringLoadBalancerInterceptorConfig] is not eligible for getting processed by all BeanPostProcessors (for example: not eligible for auto-proxying). The currently created BeanPostProcessor [lbRestClientPostProcessor] is declared through a non-static factory method on that class; consider declaring it as static instead.
2025-01-12 21:21:06 WARN  o.s.c.s.PostProcessorRegistrationDelegate$BeanPostProcessorChecker - Bean 'deferringLoadBalancerInterceptor' of type [org.springframework.cloud.client.loadbalancer.DeferringLoadBalancerInterceptor] is not eligible for getting processed by all BeanPostProcessors (for example: not eligible for auto-proxying). Is this bean getting eagerly injected/applied to a currently created BeanPostProcessor [lbRestClientPostProcessor]? Check the corresponding BeanPostProcessor declaration and its dependencies/advisors. If this bean does not have to be post-processed, declare it with ROLE_INFRASTRUCTURE.
2025-01-12 21:21:07 INFO  o.h.jpa.internal.util.LogHelper - HHH000204: Processing PersistenceUnitInfo [name: default]
2025-01-12 21:21:08 INFO  org.hibernate.Version - HHH000412: Hibernate ORM core version 6.5.3.Final
2025-01-12 21:21:08 INFO  o.h.c.i.RegionFactoryInitiator - HHH000026: Second-level cache disabled
2025-01-12 21:21:09 INFO  o.s.o.j.p.SpringPersistenceUnitInfo - No LoadTimeWeaver setup: ignoring JPA class transformer
2025-01-12 21:21:09 INFO  com.zaxxer.hikari.HikariDataSource - HikariPool-1 - Starting...
2025-01-12 21:21:10 INFO  com.zaxxer.hikari.pool.HikariPool - HikariPool-1 - Added connection com.mysql.cj.jdbc.ConnectionImpl@6b6bae60
2025-01-12 21:21:10 INFO  com.zaxxer.hikari.HikariDataSource - HikariPool-1 - Start completed.
2025-01-12 21:21:10 WARN  org.hibernate.orm.deprecation - HHH90000025: MySQL8Dialect does not need to be specified explicitly using 'hibernate.dialect' (remove the property setting and it will be selected by default)
2025-01-12 21:21:10 WARN  org.hibernate.orm.deprecation - HHH90000026: MySQL8Dialect has been deprecated; use org.hibernate.dialect.MySQLDialect instead
2025-01-12 21:21:12 INFO  o.h.e.t.j.p.i.JtaPlatformInitiator - HHH000489: No JTA platform available (set 'hibernate.transaction.jta.platform' to enable JTA platform integration)
2025-01-12 21:21:13 INFO  o.s.o.j.LocalContainerEntityManagerFactoryBean - Initialized JPA EntityManagerFactory for persistence unit 'default'
2025-01-12 21:21:15 INFO  o.s.d.j.r.query.QueryEnhancerFactory - Hibernate is in classpath; If applicable, HQL parser will be used.
2025-01-12 21:21:19 WARN  o.s.b.a.o.j.JpaBaseConfiguration$JpaWebConfiguration - spring.jpa.open-in-view is enabled by default. Therefore, database queries may be performed during view rendering. Explicitly configure spring.jpa.open-in-view to disable this warning
2025-01-12 21:21:21 INFO  o.s.b.t.m.w.SpringBootMockServletContext - Initializing Spring TestDispatcherServlet ''
2025-01-12 21:21:21 INFO  o.s.t.w.s.TestDispatcherServlet - Initializing Servlet ''
2025-01-12 21:21:21 INFO  o.s.t.w.s.TestDispatcherServlet - Completed initialization in 2 ms
2025-01-12 21:21:21 WARN  o.s.c.l.c.LoadBalancerCacheAutoConfiguration$LoadBalancerCaffeineWarnLogger - Spring Cloud LoadBalancer is currently working with the default cache. While this cache implementation is useful for development and tests, it's recommended to use Caffeine cache in production.You can switch to using Caffeine cache, by adding it and org.springframework.cache.caffeine.CaffeineCacheManager to the classpath.
2025-01-12 21:21:22 INFO  org.JavaPE.PostTests - Started PostTests in 24.197 seconds (process running for 42.01)
2025-01-12 21:21:22 INFO  org.JavaPE.PostTests - Started PostTests in 24.197 seconds (process running for 42.01)
2025-01-12 21:21:22 INFO  o.JavaPE.controller.PostController - Received request to fetch post with ID: 1 and role: null
2025-01-12 21:21:22 INFO  o.JavaPE.controller.PostController - Received request to fetch post with ID: 1 and role: null
2025-01-12 21:21:22 WARN  o.JavaPE.controller.PostController - Unauthorized attempt to fetch post with ID: 1. Role is missing.
2025-01-12 21:21:22 WARN  o.JavaPE.controller.PostController - Unauthorized attempt to fetch post with ID: 1. Role is missing.
2025-01-12 21:21:23 INFO  o.JavaPE.controller.PostController - Received request to fetch filtered posts with role: editor
2025-01-12 21:21:23 INFO  o.JavaPE.controller.PostController - Received request to fetch filtered posts with role: editor
2025-01-12 21:21:23 DEBUG o.JavaPE.controller.PostController - Filter parameters - Title: null, Author: author1, Created Date: 2023-01-01, Last Modified Date: 2023-03-02
2025-01-12 21:21:23 DEBUG o.JavaPE.controller.PostController - Filter parameters - Title: null, Author: author1, Created Date: 2023-01-01, Last Modified Date: 2023-03-02
2025-01-12 21:21:23 INFO  o.JavaPE.controller.PostController - Successfully fetched 2 filtered posts
2025-01-12 21:21:23 INFO  o.JavaPE.controller.PostController - Successfully fetched 2 filtered posts
2025-01-12 21:21:23 INFO  o.JavaPE.controller.PostController - Received request to fetch post with ID: 999 and role: editor
2025-01-12 21:21:23 INFO  o.JavaPE.controller.PostController - Received request to fetch post with ID: 999 and role: editor
2025-01-12 21:21:23 INFO  o.JavaPE.controller.PostController - Received request to fetch published posts with role: null
2025-01-12 21:21:23 INFO  o.JavaPE.controller.PostController - Received request to fetch published posts with role: null
2025-01-12 21:21:23 WARN  o.JavaPE.controller.PostController - Unauthorized attempt to fetch published posts. Role is missing.
2025-01-12 21:21:23 WARN  o.JavaPE.controller.PostController - Unauthorized attempt to fetch published posts. Role is missing.
2025-01-12 21:21:23 INFO  o.JavaPE.controller.PostController - Received request to fetch draft posts with role: null
2025-01-12 21:21:23 INFO  o.JavaPE.controller.PostController - Received request to fetch draft posts with role: null
2025-01-12 21:21:23 WARN  o.JavaPE.controller.PostController - Unauthorized attempt to fetch draft posts. Role is missing.
2025-01-12 21:21:23 WARN  o.JavaPE.controller.PostController - Unauthorized attempt to fetch draft posts. Role is missing.
2025-01-12 21:21:23 INFO  o.JavaPE.controller.PostController - Received request to fetch published post with ID: 7
2025-01-12 21:21:23 INFO  o.JavaPE.controller.PostController - Received request to fetch published post with ID: 7
2025-01-12 21:21:23 INFO  o.JavaPE.controller.PostController - Successfully fetched published post with ID: 7
2025-01-12 21:21:23 INFO  o.JavaPE.controller.PostController - Successfully fetched published post with ID: 7
2025-01-12 21:21:23 INFO  o.JavaPE.controller.PostController - Received request to fetch filtered posts with role: null
2025-01-12 21:21:23 INFO  o.JavaPE.controller.PostController - Received request to fetch filtered posts with role: null
2025-01-12 21:21:23 WARN  o.JavaPE.controller.PostController - Unauthorized attempt to fetch filtered posts. Role: null
2025-01-12 21:21:23 WARN  o.JavaPE.controller.PostController - Unauthorized attempt to fetch filtered posts. Role: null
2025-01-12 21:21:23 INFO  o.JavaPE.controller.PostController - Received request to fetch published post with ID: 999
2025-01-12 21:21:23 INFO  o.JavaPE.controller.PostController - Received request to fetch published post with ID: 999
2025-01-12 21:21:23 INFO  o.JavaPE.controller.PostController - Received request to create a post with role: editor
2025-01-12 21:21:23 INFO  o.JavaPE.controller.PostController - Received request to create a post with role: editor
2025-01-12 21:21:23 INFO  o.JavaPE.controller.PostController - Post created successfully with ID: 8
2025-01-12 21:21:23 INFO  o.JavaPE.controller.PostController - Post created successfully with ID: 8
2025-01-12 21:21:23 INFO  o.JavaPE.controller.PostController - Received request to fetch post with ID: 9 and role: editor
2025-01-12 21:21:23 INFO  o.JavaPE.controller.PostController - Received request to fetch post with ID: 9 and role: editor
2025-01-12 21:21:23 INFO  o.JavaPE.controller.PostController - Successfully fetched post with ID: 9
2025-01-12 21:21:23 INFO  o.JavaPE.controller.PostController - Successfully fetched post with ID: 9
2025-01-12 21:21:23 INFO  o.JavaPE.controller.PostController - Received request to fetch published posts with role: editor
2025-01-12 21:21:23 INFO  o.JavaPE.controller.PostController - Received request to fetch published posts with role: editor
2025-01-12 21:21:23 INFO  o.JavaPE.controller.PostController - Successfully fetched 2 published posts
2025-01-12 21:21:23 INFO  o.JavaPE.controller.PostController - Successfully fetched 2 published posts
2025-01-12 21:21:23 INFO  o.JavaPE.controller.PostController - Received request to fetch draft posts with role: editor
2025-01-12 21:21:23 INFO  o.JavaPE.controller.PostController - Received request to fetch draft posts with role: editor
2025-01-12 21:21:23 INFO  o.JavaPE.controller.PostController - Successfully fetched 2 draft posts
2025-01-12 21:21:23 INFO  o.JavaPE.controller.PostController - Successfully fetched 2 draft posts
2025-01-12 21:21:23 INFO  o.JavaPE.controller.PostController - Received request to fetch published post with ID: 16
2025-01-12 21:21:23 INFO  o.JavaPE.controller.PostController - Received request to fetch published post with ID: 16
2025-01-12 21:21:25 INFO  controller.PostControllerTest - Starting PostControllerTest using Java 21 with PID 30364 (started by thibe in C:\Users\thibe\Documents\Toegepaste informatica\FullstackJava\project-ThibeauNauwelaertsPXL\backend-java\post-service)
2025-01-12 21:21:25 INFO  controller.PostControllerTest - No active profile set, falling back to 1 default profile: "default"
2025-01-12 21:21:25 INFO  o.s.c.c.c.ConfigServerConfigDataLoader - Fetching config from server at : http://localhost:8080/
2025-01-12 21:21:25 INFO  o.s.c.c.c.ConfigServerConfigDataLoader - Located environment: name=post-service, profiles=[default], label=null, version=null, state=null
2025-01-12 21:21:26 INFO  o.s.b.t.m.w.SpringBootMockServletContext - Initializing Spring TestDispatcherServlet ''
2025-01-12 21:21:26 INFO  o.s.t.w.s.TestDispatcherServlet - Initializing Servlet ''
2025-01-12 21:21:26 INFO  o.s.t.w.s.TestDispatcherServlet - Completed initialization in 1 ms
2025-01-12 21:21:26 INFO  controller.PostControllerTest - Started PostControllerTest in 1.005 seconds (process running for 46.387)
2025-01-12 21:21:26 INFO  o.JavaPE.controller.PostController - Received request to fetch published posts with role: null
2025-01-12 21:21:26 INFO  o.JavaPE.controller.PostController - Received request to fetch published posts with role: null
2025-01-12 21:21:26 WARN  o.JavaPE.controller.PostController - Unauthorized attempt to fetch published posts. Role is missing.
2025-01-12 21:21:26 WARN  o.JavaPE.controller.PostController - Unauthorized attempt to fetch published posts. Role is missing.
2025-01-12 21:21:26 INFO  o.JavaPE.controller.PostController - Received request to fetch post with ID: 1 and role: editor
2025-01-12 21:21:26 INFO  o.JavaPE.controller.PostController - Received request to fetch post with ID: 1 and role: editor
2025-01-12 21:21:26 INFO  o.JavaPE.controller.PostController - Successfully fetched post with ID: 1
2025-01-12 21:21:26 INFO  o.JavaPE.controller.PostController - Successfully fetched post with ID: 1
2025-01-12 21:21:26 INFO  o.JavaPE.controller.PostController - Received request to fetch published posts with role: editor
2025-01-12 21:21:26 INFO  o.JavaPE.controller.PostController - Received request to fetch published posts with role: editor
2025-01-12 21:21:26 INFO  o.JavaPE.controller.PostController - Successfully fetched 2 published posts
2025-01-12 21:21:26 INFO  o.JavaPE.controller.PostController - Successfully fetched 2 published posts
2025-01-12 21:21:26 INFO  o.JavaPE.controller.PostController - Received request to fetch draft posts with role: editor
2025-01-12 21:21:26 INFO  o.JavaPE.controller.PostController - Received request to fetch draft posts with role: editor
2025-01-12 21:21:26 INFO  o.JavaPE.controller.PostController - Successfully fetched 2 draft posts
2025-01-12 21:21:26 INFO  o.JavaPE.controller.PostController - Successfully fetched 2 draft posts
2025-01-12 21:21:26 INFO  o.JavaPE.controller.PostController - Received request to fetch draft posts with role: null
2025-01-12 21:21:26 INFO  o.JavaPE.controller.PostController - Received request to fetch draft posts with role: null
2025-01-12 21:21:26 WARN  o.JavaPE.controller.PostController - Unauthorized attempt to fetch draft posts. Role is missing.
2025-01-12 21:21:26 WARN  o.JavaPE.controller.PostController - Unauthorized attempt to fetch draft posts. Role is missing.
2025-01-12 21:21:26 INFO  o.JavaPE.controller.PostController - Received request to fetch published post with ID: 1
2025-01-12 21:21:26 INFO  o.JavaPE.controller.PostController - Received request to fetch published post with ID: 1
2025-01-12 21:21:26 INFO  o.JavaPE.controller.PostController - Successfully fetched published post with ID: 1
2025-01-12 21:21:26 INFO  o.JavaPE.controller.PostController - Successfully fetched published post with ID: 1
2025-01-12 21:21:26 INFO  o.JavaPE.controller.PostController - Received request to fetch post with ID: 1 and role: null
2025-01-12 21:21:26 INFO  o.JavaPE.controller.PostController - Received request to fetch post with ID: 1 and role: null
2025-01-12 21:21:26 WARN  o.JavaPE.controller.PostController - Unauthorized attempt to fetch post with ID: 1. Role is missing.
2025-01-12 21:21:26 WARN  o.JavaPE.controller.PostController - Unauthorized attempt to fetch post with ID: 1. Role is missing.
2025-01-12 21:21:26 INFO  o.JavaPE.controller.PostController - Received request to create a post with role: editor
2025-01-12 21:21:26 INFO  o.JavaPE.controller.PostController - Received request to create a post with role: editor
2025-01-12 21:21:26 INFO  o.JavaPE.controller.PostController - Post created successfully with ID: 1
2025-01-12 21:21:26 INFO  o.JavaPE.controller.PostController - Post created successfully with ID: 1
2025-01-12 21:21:26 INFO  o.JavaPE.controller.PostController - Received request to create a post with role: viewer
2025-01-12 21:21:26 INFO  o.JavaPE.controller.PostController - Received request to create a post with role: viewer
2025-01-12 21:21:26 WARN  o.JavaPE.controller.PostController - Unauthorized attempt to create a post. Role: viewer
2025-01-12 21:21:26 WARN  o.JavaPE.controller.PostController - Unauthorized attempt to create a post. Role: viewer
2025-01-12 21:21:27 INFO  o.s.o.j.LocalContainerEntityManagerFactoryBean - Closing JPA EntityManagerFactory for persistence unit 'default'
2025-01-12 21:21:27 WARN  com.zaxxer.hikari.pool.PoolBase - HikariPool-1 - Failed to validate connection com.mysql.cj.jdbc.ConnectionImpl@6b6bae60 (No operations allowed after connection closed.). Possibly consider using a shorter maxLifetime value.
2025-01-12 21:21:27 WARN  com.zaxxer.hikari.pool.PoolBase - HikariPool-1 - Failed to validate connection com.mysql.cj.jdbc.ConnectionImpl@4cc9d9fc (No operations allowed after connection closed.). Possibly consider using a shorter maxLifetime value.
2025-01-12 21:21:27 WARN  com.zaxxer.hikari.pool.PoolBase - HikariPool-1 - Failed to validate connection com.mysql.cj.jdbc.ConnectionImpl@4cb42edf (No operations allowed after connection closed.). Possibly consider using a shorter maxLifetime value.
2025-01-12 21:21:27 WARN  com.zaxxer.hikari.pool.PoolBase - HikariPool-1 - Failed to validate connection com.mysql.cj.jdbc.ConnectionImpl@3c3e5dea (No operations allowed after connection closed.). Possibly consider using a shorter maxLifetime value.
2025-01-12 21:21:27 WARN  com.zaxxer.hikari.pool.PoolBase - HikariPool-1 - Failed to validate connection com.mysql.cj.jdbc.ConnectionImpl@3a5f3e48 (No operations allowed after connection closed.). Possibly consider using a shorter maxLifetime value.
2025-01-12 21:21:27 WARN  com.zaxxer.hikari.pool.PoolBase - HikariPool-1 - Failed to validate connection com.mysql.cj.jdbc.ConnectionImpl@19384fcd (No operations allowed after connection closed.). Possibly consider using a shorter maxLifetime value.
2025-01-12 21:21:27 WARN  com.zaxxer.hikari.pool.PoolBase - HikariPool-1 - Failed to validate connection com.mysql.cj.jdbc.ConnectionImpl@c75abd8 (No operations allowed after connection closed.). Possibly consider using a shorter maxLifetime value.
2025-01-12 21:21:27 WARN  com.zaxxer.hikari.pool.PoolBase - HikariPool-1 - Failed to validate connection com.mysql.cj.jdbc.ConnectionImpl@3c6a47f5 (No operations allowed after connection closed.). Possibly consider using a shorter maxLifetime value.
2025-01-12 21:21:27 WARN  com.zaxxer.hikari.pool.PoolBase - HikariPool-1 - Failed to validate connection com.mysql.cj.jdbc.ConnectionImpl@9679f52 (No operations allowed after connection closed.). Possibly consider using a shorter maxLifetime value.
2025-01-12 21:21:27 WARN  com.zaxxer.hikari.pool.PoolBase - HikariPool-1 - Failed to validate connection com.mysql.cj.jdbc.ConnectionImpl@39223cd4 (No operations allowed after connection closed.). Possibly consider using a shorter maxLifetime value.
2025-01-12 21:21:57 WARN  o.h.e.jdbc.spi.SqlExceptionHelper - SQL Error: 0, SQLState: 08S01
2025-01-12 21:21:57 ERROR o.h.e.jdbc.spi.SqlExceptionHelper - HikariPool-1 - Connection is not available, request timed out after 30007ms (total=0, active=0, idle=0, waiting=0)
2025-01-12 21:21:57 ERROR o.h.e.jdbc.spi.SqlExceptionHelper - Communications link failure

The last packet sent successfully to the server was 0 milliseconds ago. The driver has not received any packets from the server.
2025-01-12 21:21:57 WARN  o.s.b.f.s.DisposableBeanAdapter - Invocation of destroy method failed on bean with name 'entityManagerFactory': org.hibernate.exception.JDBCConnectionException: Unable to open JDBC Connection for DDL execution [HikariPool-1 - Connection is not available, request timed out after 30007ms (total=0, active=0, idle=0, waiting=0)] [n/a]
2025-01-12 21:21:57 INFO  com.zaxxer.hikari.HikariDataSource - HikariPool-1 - Shutdown initiated...
2025-01-12 21:21:57 INFO  com.zaxxer.hikari.HikariDataSource - HikariPool-1 - Shutdown completed.
