2025-01-12 21:33:08 INFO  o.h.validator.internal.util.Version - HV000001: Hibernate Validator 8.0.1.Final
2025-01-12 21:33:08 INFO  org.JavaPE.CommentTests - Starting CommentTests using Java 21 with PID 24808 (started by thibe in C:\Users\thibe\Documents\Toegepaste informatica\FullstackJava\project-ThibeauNauwelaertsPXL\backend-java\comment-service)
2025-01-12 21:33:08 INFO  org.JavaPE.CommentTests - Starting CommentTests using Java 21 with PID 24808 (started by thibe in C:\Users\thibe\Documents\Toegepaste informatica\FullstackJava\project-ThibeauNauwelaertsPXL\backend-java\comment-service)
2025-01-12 21:33:08 DEBUG org.JavaPE.CommentTests - Running with Spring Boot v3.3.5, Spring v6.1.14
2025-01-12 21:33:08 DEBUG org.JavaPE.CommentTests - Running with Spring Boot v3.3.5, Spring v6.1.14
2025-01-12 21:33:08 INFO  org.JavaPE.CommentTests - The following 1 profile is active: "test"
2025-01-12 21:33:08 INFO  org.JavaPE.CommentTests - The following 1 profile is active: "test"
2025-01-12 21:33:08 INFO  o.s.c.c.c.ConfigServerConfigDataLoader - Fetching config from server at : http://localhost:8080/
2025-01-12 21:33:08 INFO  o.s.c.c.c.ConfigServerConfigDataLoader - Located environment: name=comment-service, profiles=[default], label=null, version=null, state=null
2025-01-12 21:33:08 INFO  o.s.c.c.c.ConfigServerConfigDataLoader - Fetching config from server at : http://localhost:8080/
2025-01-12 21:33:08 INFO  o.s.c.c.c.ConfigServerConfigDataLoader - Located environment: name=comment-service, profiles=[test], label=null, version=null, state=null
2025-01-12 21:33:11 INFO  o.s.d.r.c.RepositoryConfigurationDelegate - Bootstrapping Spring Data JPA repositories in DEFAULT mode.
2025-01-12 21:33:12 INFO  o.s.d.r.c.RepositoryConfigurationDelegate - Finished Spring Data repository scanning in 671 ms. Found 3 JPA repository interfaces.
2025-01-12 21:33:13 INFO  o.s.cloud.context.scope.GenericScope - BeanFactory id=a2a6e95d-ecbd-33f1-9424-d118dd508c43
2025-01-12 21:33:16 WARN  o.s.c.s.PostProcessorRegistrationDelegate$BeanPostProcessorChecker - Bean 'org.springframework.cloud.client.loadbalancer.LoadBalancerAutoConfiguration$DeferringLoadBalancerInterceptorConfig' of type [org.springframework.cloud.client.loadbalancer.LoadBalancerAutoConfiguration$DeferringLoadBalancerInterceptorConfig] is not eligible for getting processed by all BeanPostProcessors (for example: not eligible for auto-proxying). The currently created BeanPostProcessor [lbRestClientPostProcessor] is declared through a non-static factory method on that class; consider declaring it as static instead.
2025-01-12 21:33:16 WARN  o.s.c.s.PostProcessorRegistrationDelegate$BeanPostProcessorChecker - Bean 'deferringLoadBalancerInterceptor' of type [org.springframework.cloud.client.loadbalancer.DeferringLoadBalancerInterceptor] is not eligible for getting processed by all BeanPostProcessors (for example: not eligible for auto-proxying). Is this bean getting eagerly injected/applied to a currently created BeanPostProcessor [lbRestClientPostProcessor]? Check the corresponding BeanPostProcessor declaration and its dependencies/advisors. If this bean does not have to be post-processed, declare it with ROLE_INFRASTRUCTURE.
2025-01-12 21:33:17 INFO  o.h.jpa.internal.util.LogHelper - HHH000204: Processing PersistenceUnitInfo [name: default]
2025-01-12 21:33:18 INFO  org.hibernate.Version - HHH000412: Hibernate ORM core version 6.5.3.Final
2025-01-12 21:33:19 INFO  o.h.c.i.RegionFactoryInitiator - HHH000026: Second-level cache disabled
2025-01-12 21:33:20 INFO  o.s.o.j.p.SpringPersistenceUnitInfo - No LoadTimeWeaver setup: ignoring JPA class transformer
2025-01-12 21:33:20 INFO  com.zaxxer.hikari.HikariDataSource - HikariPool-1 - Starting...
2025-01-12 21:33:21 INFO  com.zaxxer.hikari.pool.HikariPool - HikariPool-1 - Added connection com.mysql.cj.jdbc.ConnectionImpl@668ea404
2025-01-12 21:33:21 INFO  com.zaxxer.hikari.HikariDataSource - HikariPool-1 - Start completed.
2025-01-12 21:33:21 WARN  org.hibernate.orm.deprecation - HHH90000025: MySQL8Dialect does not need to be specified explicitly using 'hibernate.dialect' (remove the property setting and it will be selected by default)
2025-01-12 21:33:21 WARN  org.hibernate.orm.deprecation - HHH90000026: MySQL8Dialect has been deprecated; use org.hibernate.dialect.MySQLDialect instead
2025-01-12 21:33:25 INFO  o.h.e.t.j.p.i.JtaPlatformInitiator - HHH000489: No JTA platform available (set 'hibernate.transaction.jta.platform' to enable JTA platform integration)
2025-01-12 21:33:25 INFO  o.s.o.j.LocalContainerEntityManagerFactoryBean - Initialized JPA EntityManagerFactory for persistence unit 'default'
2025-01-12 21:33:27 INFO  o.s.d.j.r.query.QueryEnhancerFactory - Hibernate is in classpath; If applicable, HQL parser will be used.
2025-01-12 21:33:29 WARN  o.s.b.a.o.j.JpaBaseConfiguration$JpaWebConfiguration - spring.jpa.open-in-view is enabled by default. Therefore, database queries may be performed during view rendering. Explicitly configure spring.jpa.open-in-view to disable this warning
2025-01-12 21:33:29 INFO  o.s.c.o.FeignClientFactoryBean - For 'review-service' URL not provided. Will try picking an instance via load-balancing.
2025-01-12 21:33:29 INFO  o.s.c.o.FeignClientFactoryBean - For 'post-service' URL not provided. Will try picking an instance via load-balancing.
2025-01-12 21:33:32 WARN  o.s.b.a.f.FreeMarkerAutoConfiguration - Cannot find template location: [classpath:/templates/] (please add some templates, check your FreeMarker configuration, or set spring.freemarker.check-template-location=false)
2025-01-12 21:33:32 INFO  o.s.b.t.m.w.SpringBootMockServletContext - Initializing Spring TestDispatcherServlet ''
2025-01-12 21:33:32 INFO  o.s.t.w.s.TestDispatcherServlet - Initializing Servlet ''
2025-01-12 21:33:32 INFO  o.s.t.w.s.TestDispatcherServlet - Completed initialization in 1 ms
2025-01-12 21:33:32 INFO  o.s.c.n.e.c.DiscoveryClientOptionalArgsConfiguration - Eureka HTTP Client uses RestTemplate.
2025-01-12 21:33:32 WARN  o.s.c.l.c.LoadBalancerCacheAutoConfiguration$LoadBalancerCaffeineWarnLogger - Spring Cloud LoadBalancer is currently working with the default cache. While this cache implementation is useful for development and tests, it's recommended to use Caffeine cache in production.You can switch to using Caffeine cache, by adding it and org.springframework.cache.caffeine.CaffeineCacheManager to the classpath.
2025-01-12 21:33:33 INFO  o.s.a.r.c.CachingConnectionFactory - Attempting to connect to: [localhost:5672]
2025-01-12 21:33:33 INFO  o.s.a.r.l.SimpleMessageListenerContainer - Broker not available; cannot force queue declarations during start: java.net.ConnectException: Connection refused: no further information
2025-01-12 21:33:33 INFO  o.s.a.r.c.CachingConnectionFactory - Attempting to connect to: [localhost:5672]
2025-01-12 21:33:33 ERROR o.s.a.r.l.SimpleMessageListenerContainer - Failed to check/redeclare auto-delete queue(s).
org.springframework.amqp.AmqpConnectException: java.net.ConnectException: Connection refused: no further information
	at org.springframework.amqp.rabbit.support.RabbitExceptionTranslator.convertRabbitAccessException(RabbitExceptionTranslator.java:61)
	at org.springframework.amqp.rabbit.connection.AbstractConnectionFactory.createBareConnection(AbstractConnectionFactory.java:622)
	at org.springframework.amqp.rabbit.connection.CachingConnectionFactory.createConnection(CachingConnectionFactory.java:726)
	at org.springframework.amqp.rabbit.connection.ConnectionFactoryUtils.createConnection(ConnectionFactoryUtils.java:257)
	at org.springframework.amqp.rabbit.core.RabbitTemplate.doExecute(RabbitTemplate.java:2249)
	at org.springframework.amqp.rabbit.core.RabbitTemplate.execute(RabbitTemplate.java:2222)
	at org.springframework.amqp.rabbit.core.RabbitTemplate.execute(RabbitTemplate.java:2202)
	at org.springframework.amqp.rabbit.core.RabbitAdmin.getQueueInfo(RabbitAdmin.java:467)
	at org.springframework.amqp.rabbit.core.RabbitAdmin.getQueueProperties(RabbitAdmin.java:451)
	at org.springframework.amqp.rabbit.listener.AbstractMessageListenerContainer.attemptDeclarations(AbstractMessageListenerContainer.java:1960)
	at org.springframework.amqp.rabbit.listener.AbstractMessageListenerContainer.redeclareElementsIfNecessary(AbstractMessageListenerContainer.java:1924)
	at org.springframework.amqp.rabbit.listener.SimpleMessageListenerContainer$AsyncMessageProcessingConsumer.initialize(SimpleMessageListenerContainer.java:1479)
	at org.springframework.amqp.rabbit.listener.SimpleMessageListenerContainer$AsyncMessageProcessingConsumer.run(SimpleMessageListenerContainer.java:1320)
	at java.base/java.lang.Thread.run(Thread.java:1583)
Caused by: java.net.ConnectException: Connection refused: no further information
	at java.base/sun.nio.ch.Net.pollConnect(Native Method)
	at java.base/sun.nio.ch.Net.pollConnectNow(Net.java:682)
	at java.base/sun.nio.ch.NioSocketImpl.timedFinishConnect(NioSocketImpl.java:542)
	at java.base/sun.nio.ch.NioSocketImpl.connect(NioSocketImpl.java:592)
	at java.base/java.net.SocksSocketImpl.connect(SocksSocketImpl.java:327)
	at java.base/java.net.Socket.connect(Socket.java:751)
	at com.rabbitmq.client.impl.SocketFrameHandlerFactory.create(SocketFrameHandlerFactory.java:61)
	at com.rabbitmq.client.ConnectionFactory.newConnection(ConnectionFactory.java:1249)
	at com.rabbitmq.client.ConnectionFactory.newConnection(ConnectionFactory.java:1198)
	at org.springframework.amqp.rabbit.connection.AbstractConnectionFactory.connectAddresses(AbstractConnectionFactory.java:668)
	at org.springframework.amqp.rabbit.connection.AbstractConnectionFactory.connect(AbstractConnectionFactory.java:637)
	at org.springframework.amqp.rabbit.connection.AbstractConnectionFactory.createBareConnection(AbstractConnectionFactory.java:584)
	... 12 common frames omitted
2025-01-12 21:33:33 INFO  o.s.a.r.c.CachingConnectionFactory - Attempting to connect to: [localhost:5672]
2025-01-12 21:33:33 INFO  org.JavaPE.CommentTests - Started CommentTests in 26.933 seconds (process running for 45.643)
2025-01-12 21:33:33 INFO  org.JavaPE.CommentTests - Started CommentTests in 26.933 seconds (process running for 45.643)
2025-01-12 21:33:33 INFO  o.J.controller.CommentController - Received request to delete comment with ID: 104 by user: user6
2025-01-12 21:33:33 INFO  o.J.controller.CommentController - Received request to delete comment with ID: 104 by user: user6
2025-01-12 21:33:33 INFO  o.J.controller.CommentController - Received request to update comment with ID: 102
2025-01-12 21:33:33 INFO  o.J.controller.CommentController - Received request to update comment with ID: 102
2025-01-12 21:33:33 INFO  o.J.controller.CommentController - Received request to delete comment with ID: 1000 by user: user5
2025-01-12 21:33:33 INFO  o.J.controller.CommentController - Received request to delete comment with ID: 1000 by user: user5
2025-01-12 21:33:33 INFO  o.J.controller.CommentController - Received request to update comment with ID: 101
2025-01-12 21:33:33 INFO  o.J.controller.CommentController - Received request to update comment with ID: 101
2025-01-12 21:33:33 INFO  o.J.controller.CommentController - Successfully updated comment with ID: 101
2025-01-12 21:33:33 INFO  o.J.controller.CommentController - Successfully updated comment with ID: 101
2025-01-12 21:33:33 INFO  o.J.controller.CommentController - Received request to delete comment with ID: 103 by user: user4
2025-01-12 21:33:33 INFO  o.J.controller.CommentController - Received request to delete comment with ID: 103 by user: user4
2025-01-12 21:33:33 INFO  o.J.controller.CommentController - Successfully deleted comment with ID: 103
2025-01-12 21:33:33 INFO  o.J.controller.CommentController - Successfully deleted comment with ID: 103
2025-01-12 21:33:33 INFO  o.J.controller.CommentController - Received request to fetch comments for post with ID: 1
2025-01-12 21:33:33 INFO  o.J.controller.CommentController - Received request to fetch comments for post with ID: 1
2025-01-12 21:33:33 INFO  o.J.controller.CommentController - Successfully fetched 2 comments for post with ID: 1
2025-01-12 21:33:33 INFO  o.J.controller.CommentController - Successfully fetched 2 comments for post with ID: 1
2025-01-12 21:33:33 INFO  o.J.controller.CommentController - Received request to add a comment to post with ID: 1
2025-01-12 21:33:33 INFO  o.J.controller.CommentController - Received request to add a comment to post with ID: 1
2025-01-12 21:33:33 INFO  o.J.controller.CommentController - Successfully added comment to post with ID: 1
2025-01-12 21:33:33 INFO  o.J.controller.CommentController - Successfully added comment to post with ID: 1
2025-01-12 21:33:33 INFO  o.J.controller.CommentController - Received request to update comment with ID: 999
2025-01-12 21:33:33 INFO  o.J.controller.CommentController - Received request to update comment with ID: 999
2025-01-12 21:33:33 INFO  o.J.controller.CommentController - Received request to fetch comments for post with ID: 1
2025-01-12 21:33:33 INFO  o.J.controller.CommentController - Received request to fetch comments for post with ID: 1
2025-01-12 21:33:33 INFO  o.J.controller.CommentController - Successfully fetched 2 comments for post with ID: 1
2025-01-12 21:33:33 INFO  o.J.controller.CommentController - Successfully fetched 2 comments for post with ID: 1
2025-01-12 21:33:33 INFO  o.J.controller.CommentController - Received request to edit comment with ID: 106 by user: user9
2025-01-12 21:33:33 INFO  o.J.controller.CommentController - Received request to edit comment with ID: 106 by user: user9
2025-01-12 21:33:33 INFO  o.J.controller.CommentController - Received request to fetch comments for post with ID: 3
2025-01-12 21:33:33 INFO  o.J.controller.CommentController - Received request to fetch comments for post with ID: 3
2025-01-12 21:33:33 INFO  o.J.controller.CommentController - Successfully fetched 0 comments for post with ID: 3
2025-01-12 21:33:33 INFO  o.J.controller.CommentController - Successfully fetched 0 comments for post with ID: 3
2025-01-12 21:33:33 INFO  o.J.controller.CommentController - Received request to edit comment with ID: 105 by user: user7
2025-01-12 21:33:33 INFO  o.J.controller.CommentController - Received request to edit comment with ID: 105 by user: user7
2025-01-12 21:33:33 INFO  o.J.controller.CommentController - Successfully edited comment with ID: 105
2025-01-12 21:33:33 INFO  o.J.controller.CommentController - Successfully edited comment with ID: 105
2025-01-12 21:33:33 INFO  o.J.controller.CommentController - Received request to edit comment with ID: 2000 by user: user8
2025-01-12 21:33:33 INFO  o.J.controller.CommentController - Received request to edit comment with ID: 2000 by user: user8
2025-01-12 21:33:35 INFO  controller.CommentControllerTest - Starting CommentControllerTest using Java 21 with PID 24808 (started by thibe in C:\Users\thibe\Documents\Toegepaste informatica\FullstackJava\project-ThibeauNauwelaertsPXL\backend-java\comment-service)
2025-01-12 21:33:35 INFO  controller.CommentControllerTest - No active profile set, falling back to 1 default profile: "default"
2025-01-12 21:33:35 INFO  o.s.c.c.c.ConfigServerConfigDataLoader - Fetching config from server at : http://localhost:8080/
2025-01-12 21:33:35 INFO  o.s.c.c.c.ConfigServerConfigDataLoader - Located environment: name=comment-service, profiles=[default], label=null, version=null, state=null
2025-01-12 21:33:36 WARN  o.s.b.a.f.FreeMarkerAutoConfiguration - Cannot find template location: [classpath:/templates/] (please add some templates, check your FreeMarker configuration, or set spring.freemarker.check-template-location=false)
2025-01-12 21:33:36 INFO  o.s.b.t.m.w.SpringBootMockServletContext - Initializing Spring TestDispatcherServlet ''
2025-01-12 21:33:36 INFO  o.s.t.w.s.TestDispatcherServlet - Initializing Servlet ''
2025-01-12 21:33:36 INFO  o.s.t.w.s.TestDispatcherServlet - Completed initialization in 1 ms
2025-01-12 21:33:36 INFO  controller.CommentControllerTest - Started CommentControllerTest in 0.906 seconds (process running for 49.02)
2025-01-12 21:33:36 INFO  o.J.controller.CommentController - Received request to edit comment with ID: 1 by user: Author
2025-01-12 21:33:36 INFO  o.J.controller.CommentController - Received request to edit comment with ID: 1 by user: Author
2025-01-12 21:33:36 INFO  o.J.controller.CommentController - Successfully edited comment with ID: 1
2025-01-12 21:33:36 INFO  o.J.controller.CommentController - Successfully edited comment with ID: 1
2025-01-12 21:33:36 INFO  o.J.controller.CommentController - Received request to delete comment with ID: 1 by user: Author
2025-01-12 21:33:36 INFO  o.J.controller.CommentController - Received request to delete comment with ID: 1 by user: Author
2025-01-12 21:33:36 INFO  o.J.controller.CommentController - Successfully deleted comment with ID: 1
2025-01-12 21:33:36 INFO  o.J.controller.CommentController - Successfully deleted comment with ID: 1
2025-01-12 21:33:36 INFO  o.J.controller.CommentController - Received request to update comment with ID: 1
2025-01-12 21:33:36 INFO  o.J.controller.CommentController - Received request to update comment with ID: 1
2025-01-12 21:33:36 INFO  o.J.controller.CommentController - Successfully updated comment with ID: 1
2025-01-12 21:33:36 INFO  o.J.controller.CommentController - Successfully updated comment with ID: 1
2025-01-12 21:33:36 INFO  o.J.controller.CommentController - Received request to add a comment to post with ID: 1
2025-01-12 21:33:36 INFO  o.J.controller.CommentController - Received request to add a comment to post with ID: 1
2025-01-12 21:33:36 INFO  o.J.controller.CommentController - Successfully added comment to post with ID: 1
2025-01-12 21:33:36 INFO  o.J.controller.CommentController - Successfully added comment to post with ID: 1
2025-01-12 21:33:36 INFO  o.J.controller.CommentController - Received request to fetch comments for post with ID: 1
2025-01-12 21:33:36 INFO  o.J.controller.CommentController - Received request to fetch comments for post with ID: 1
2025-01-12 21:33:36 INFO  o.J.controller.CommentController - Successfully fetched 1 comments for post with ID: 1
2025-01-12 21:33:36 INFO  o.J.controller.CommentController - Successfully fetched 1 comments for post with ID: 1
2025-01-12 21:33:36 INFO  o.s.a.r.l.SimpleMessageListenerContainer - Waiting for workers to finish.
2025-01-12 21:33:36 INFO  o.s.a.r.l.SimpleMessageListenerContainer - Successfully waited for workers to finish.
2025-01-12 21:33:36 INFO  o.s.o.j.LocalContainerEntityManagerFactoryBean - Closing JPA EntityManagerFactory for persistence unit 'default'
2025-01-12 21:33:36 WARN  com.zaxxer.hikari.pool.PoolBase - HikariPool-1 - Failed to validate connection com.mysql.cj.jdbc.ConnectionImpl@668ea404 (No operations allowed after connection closed.). Possibly consider using a shorter maxLifetime value.
2025-01-12 21:33:36 WARN  com.zaxxer.hikari.pool.PoolBase - HikariPool-1 - Failed to validate connection com.mysql.cj.jdbc.ConnectionImpl@8f7dc2c (No operations allowed after connection closed.). Possibly consider using a shorter maxLifetime value.
2025-01-12 21:33:36 WARN  com.zaxxer.hikari.pool.PoolBase - HikariPool-1 - Failed to validate connection com.mysql.cj.jdbc.ConnectionImpl@601ac48e (No operations allowed after connection closed.). Possibly consider using a shorter maxLifetime value.
2025-01-12 21:33:36 WARN  com.zaxxer.hikari.pool.PoolBase - HikariPool-1 - Failed to validate connection com.mysql.cj.jdbc.ConnectionImpl@7f42fafe (No operations allowed after connection closed.). Possibly consider using a shorter maxLifetime value.
2025-01-12 21:33:36 WARN  com.zaxxer.hikari.pool.PoolBase - HikariPool-1 - Failed to validate connection com.mysql.cj.jdbc.ConnectionImpl@3ddbf5bc (No operations allowed after connection closed.). Possibly consider using a shorter maxLifetime value.
2025-01-12 21:33:36 WARN  com.zaxxer.hikari.pool.PoolBase - HikariPool-1 - Failed to validate connection com.mysql.cj.jdbc.ConnectionImpl@ed5803d (No operations allowed after connection closed.). Possibly consider using a shorter maxLifetime value.
2025-01-12 21:33:36 WARN  com.zaxxer.hikari.pool.PoolBase - HikariPool-1 - Failed to validate connection com.mysql.cj.jdbc.ConnectionImpl@7c75cb70 (No operations allowed after connection closed.). Possibly consider using a shorter maxLifetime value.
2025-01-12 21:33:36 WARN  com.zaxxer.hikari.pool.PoolBase - HikariPool-1 - Failed to validate connection com.mysql.cj.jdbc.ConnectionImpl@7895b088 (No operations allowed after connection closed.). Possibly consider using a shorter maxLifetime value.
2025-01-12 21:33:36 WARN  com.zaxxer.hikari.pool.PoolBase - HikariPool-1 - Failed to validate connection com.mysql.cj.jdbc.ConnectionImpl@3943ed40 (No operations allowed after connection closed.). Possibly consider using a shorter maxLifetime value.
2025-01-12 21:33:36 WARN  com.zaxxer.hikari.pool.PoolBase - HikariPool-1 - Failed to validate connection com.mysql.cj.jdbc.ConnectionImpl@2e1a54f5 (No operations allowed after connection closed.). Possibly consider using a shorter maxLifetime value.
