2024-12-14 20:16:10 INFO  org.JavaPE.PostServiceApplication - Starting PostServiceApplication using Java 21 with PID 4880 (C:\Users\thibe\Documents\Toegepaste informatica\FullstackJava\project-ThibeauNauwelaertsPXL\backend-java\post-service\target\classes started by thibe in C:\Users\thibe\Documents\Toegepaste informatica\FullstackJava\project-ThibeauNauwelaertsPXL\backend-java)
2024-12-14 20:16:10 INFO  org.JavaPE.PostServiceApplication - Starting PostServiceApplication using Java 21 with PID 4880 (C:\Users\thibe\Documents\Toegepaste informatica\FullstackJava\project-ThibeauNauwelaertsPXL\backend-java\post-service\target\classes started by thibe in C:\Users\thibe\Documents\Toegepaste informatica\FullstackJava\project-ThibeauNauwelaertsPXL\backend-java)
2024-12-14 20:16:10 DEBUG org.JavaPE.PostServiceApplication - Running with Spring Boot v3.3.5, Spring v6.1.14
2024-12-14 20:16:10 DEBUG org.JavaPE.PostServiceApplication - Running with Spring Boot v3.3.5, Spring v6.1.14
2024-12-14 20:16:10 INFO  org.JavaPE.PostServiceApplication - No active profile set, falling back to 1 default profile: "default"
2024-12-14 20:16:10 INFO  org.JavaPE.PostServiceApplication - No active profile set, falling back to 1 default profile: "default"
2024-12-14 20:16:10 INFO  o.s.c.c.c.ConfigServerConfigDataLoader - Fetching config from server at : http://localhost:8080/
2024-12-14 20:16:10 INFO  o.s.c.c.c.ConfigServerConfigDataLoader - Located environment: name=post-service, profiles=[default], label=null, version=null, state=null
2024-12-14 20:16:12 INFO  o.s.d.r.c.RepositoryConfigurationDelegate - Bootstrapping Spring Data JPA repositories in DEFAULT mode.
2024-12-14 20:16:12 INFO  o.s.d.r.c.RepositoryConfigurationDelegate - Finished Spring Data repository scanning in 220 ms. Found 1 JPA repository interface.
2024-12-14 20:16:12 INFO  o.s.cloud.context.scope.GenericScope - BeanFactory id=1a5a92c5-8d00-33fe-87b6-febea0d96c6e
2024-12-14 20:16:12 WARN  o.s.c.s.PostProcessorRegistrationDelegate$BeanPostProcessorChecker - Bean 'org.springframework.cloud.client.loadbalancer.LoadBalancerAutoConfiguration$DeferringLoadBalancerInterceptorConfig' of type [org.springframework.cloud.client.loadbalancer.LoadBalancerAutoConfiguration$DeferringLoadBalancerInterceptorConfig] is not eligible for getting processed by all BeanPostProcessors (for example: not eligible for auto-proxying). The currently created BeanPostProcessor [lbRestClientPostProcessor] is declared through a non-static factory method on that class; consider declaring it as static instead.
2024-12-14 20:16:12 WARN  o.s.c.s.PostProcessorRegistrationDelegate$BeanPostProcessorChecker - Bean 'deferringLoadBalancerInterceptor' of type [org.springframework.cloud.client.loadbalancer.DeferringLoadBalancerInterceptor] is not eligible for getting processed by all BeanPostProcessors (for example: not eligible for auto-proxying). Is this bean getting eagerly injected/applied to a currently created BeanPostProcessor [lbRestClientPostProcessor]? Check the corresponding BeanPostProcessor declaration and its dependencies/advisors. If this bean does not have to be post-processed, declare it with ROLE_INFRASTRUCTURE.
2024-12-14 20:16:13 INFO  o.s.b.w.e.tomcat.TomcatWebServer - Tomcat initialized with port 8084 (http)
2024-12-14 20:16:13 INFO  o.a.coyote.http11.Http11NioProtocol - Initializing ProtocolHandler ["http-nio-8084"]
2024-12-14 20:16:13 INFO  o.a.catalina.core.StandardService - Starting service [Tomcat]
2024-12-14 20:16:13 INFO  o.a.catalina.core.StandardEngine - Starting Servlet engine: [Apache Tomcat/10.1.31]
2024-12-14 20:16:13 INFO  o.a.c.c.C.[Tomcat].[localhost].[/] - Initializing Spring embedded WebApplicationContext
2024-12-14 20:16:13 INFO  o.s.b.w.s.c.ServletWebServerApplicationContext - Root WebApplicationContext: initialization completed in 2413 ms
2024-12-14 20:16:13 INFO  o.h.jpa.internal.util.LogHelper - HHH000204: Processing PersistenceUnitInfo [name: default]
2024-12-14 20:16:13 INFO  org.hibernate.Version - HHH000412: Hibernate ORM core version 6.5.3.Final
2024-12-14 20:16:13 INFO  o.h.c.i.RegionFactoryInitiator - HHH000026: Second-level cache disabled
2024-12-14 20:16:14 INFO  o.s.o.j.p.SpringPersistenceUnitInfo - No LoadTimeWeaver setup: ignoring JPA class transformer
2024-12-14 20:16:14 INFO  com.zaxxer.hikari.HikariDataSource - HikariPool-1 - Starting...
2024-12-14 20:16:14 INFO  com.zaxxer.hikari.pool.HikariPool - HikariPool-1 - Added connection com.mysql.cj.jdbc.ConnectionImpl@6549ce71
2024-12-14 20:16:14 INFO  com.zaxxer.hikari.HikariDataSource - HikariPool-1 - Start completed.
2024-12-14 20:16:14 WARN  org.hibernate.orm.deprecation - HHH90000025: MySQL8Dialect does not need to be specified explicitly using 'hibernate.dialect' (remove the property setting and it will be selected by default)
2024-12-14 20:16:14 WARN  org.hibernate.orm.deprecation - HHH90000026: MySQL8Dialect has been deprecated; use org.hibernate.dialect.MySQLDialect instead
2024-12-14 20:16:16 INFO  o.h.e.t.j.p.i.JtaPlatformInitiator - HHH000489: No JTA platform available (set 'hibernate.transaction.jta.platform' to enable JTA platform integration)
2024-12-14 20:16:16 INFO  o.s.o.j.LocalContainerEntityManagerFactoryBean - Initialized JPA EntityManagerFactory for persistence unit 'default'
2024-12-14 20:16:16 INFO  o.s.d.j.r.query.QueryEnhancerFactory - Hibernate is in classpath; If applicable, HQL parser will be used.
2024-12-14 20:16:17 WARN  o.s.b.a.o.j.JpaBaseConfiguration$JpaWebConfiguration - spring.jpa.open-in-view is enabled by default. Therefore, database queries may be performed during view rendering. Explicitly configure spring.jpa.open-in-view to disable this warning
2024-12-14 20:16:17 INFO  o.s.c.o.FeignClientFactoryBean - For 'review-service' URL not provided. Will try picking an instance via load-balancing.
2024-12-14 20:16:18 INFO  o.s.c.n.e.c.DiscoveryClientOptionalArgsConfiguration - Eureka HTTP Client uses RestTemplate.
2024-12-14 20:16:18 WARN  o.s.c.l.c.LoadBalancerCacheAutoConfiguration$LoadBalancerCaffeineWarnLogger - Spring Cloud LoadBalancer is currently working with the default cache. While this cache implementation is useful for development and tests, it's recommended to use Caffeine cache in production.You can switch to using Caffeine cache, by adding it and org.springframework.cache.caffeine.CaffeineCacheManager to the classpath.
2024-12-14 20:16:18 INFO  o.s.c.n.eureka.InstanceInfoFactory - Setting initial instance status as: STARTING
2024-12-14 20:16:18 INFO  c.netflix.discovery.DiscoveryClient - Initializing Eureka in region us-east-1
2024-12-14 20:16:18 INFO  c.n.d.s.r.aws.ConfigClusterResolver - Resolving eureka endpoints via configuration
2024-12-14 20:16:18 INFO  c.netflix.discovery.DiscoveryClient - Disable delta property : false
2024-12-14 20:16:18 INFO  c.netflix.discovery.DiscoveryClient - Single vip registry refresh property : null
2024-12-14 20:16:18 INFO  c.netflix.discovery.DiscoveryClient - Force full registry fetch : false
2024-12-14 20:16:18 INFO  c.netflix.discovery.DiscoveryClient - Application is null : false
2024-12-14 20:16:18 INFO  c.netflix.discovery.DiscoveryClient - Registered Applications size is zero : true
2024-12-14 20:16:18 INFO  c.netflix.discovery.DiscoveryClient - Application version is -1: true
2024-12-14 20:16:18 INFO  c.netflix.discovery.DiscoveryClient - Getting all instance registry info from the eureka server
2024-12-14 20:16:19 INFO  c.netflix.discovery.DiscoveryClient - The response status is 200
2024-12-14 20:16:19 INFO  c.netflix.discovery.DiscoveryClient - Starting heartbeat executor: renew interval is: 30
2024-12-14 20:16:19 INFO  c.n.discovery.InstanceInfoReplicator - InstanceInfoReplicator onDemand update allowed rate per min is 4
2024-12-14 20:16:19 INFO  c.netflix.discovery.DiscoveryClient - Discovery Client initialized at timestamp 1734203779224 with initial instances count: 1
2024-12-14 20:16:19 INFO  o.s.c.n.e.s.EurekaServiceRegistry - Registering application POST-SERVICE with eureka with status UP
2024-12-14 20:16:19 INFO  c.netflix.discovery.DiscoveryClient - Saw local status change event StatusChangeEvent [timestamp=1734203779230, current=UP, previous=STARTING]
2024-12-14 20:16:19 INFO  o.a.coyote.http11.Http11NioProtocol - Starting ProtocolHandler ["http-nio-8084"]
2024-12-14 20:16:19 INFO  c.netflix.discovery.DiscoveryClient - DiscoveryClient_POST-SERVICE/MSI:post-service:8084: registering service...
2024-12-14 20:16:19 INFO  o.s.b.w.e.tomcat.TomcatWebServer - Tomcat started on port 8084 (http) with context path '/'
2024-12-14 20:16:19 INFO  o.s.c.n.e.s.EurekaAutoServiceRegistration - Updating port to 8084
2024-12-14 20:16:19 INFO  org.JavaPE.PostServiceApplication - Started PostServiceApplication in 9.927 seconds (process running for 10.989)
2024-12-14 20:16:19 INFO  org.JavaPE.PostServiceApplication - Started PostServiceApplication in 9.927 seconds (process running for 10.989)
2024-12-14 20:16:19 INFO  c.netflix.discovery.DiscoveryClient - DiscoveryClient_POST-SERVICE/MSI:post-service:8084 - registration status: 204
2024-12-14 20:16:19 INFO  o.JavaPE.CommentServiceApplication - Starting CommentServiceApplication using Java 21 with PID 24112 (C:\Users\thibe\Documents\Toegepaste informatica\FullstackJava\project-ThibeauNauwelaertsPXL\backend-java\comment-service\target\classes started by thibe in C:\Users\thibe\Documents\Toegepaste informatica\FullstackJava\project-ThibeauNauwelaertsPXL\backend-java)
2024-12-14 20:16:19 INFO  o.JavaPE.CommentServiceApplication - Starting CommentServiceApplication using Java 21 with PID 24112 (C:\Users\thibe\Documents\Toegepaste informatica\FullstackJava\project-ThibeauNauwelaertsPXL\backend-java\comment-service\target\classes started by thibe in C:\Users\thibe\Documents\Toegepaste informatica\FullstackJava\project-ThibeauNauwelaertsPXL\backend-java)
2024-12-14 20:16:19 DEBUG o.JavaPE.CommentServiceApplication - Running with Spring Boot v3.3.5, Spring v6.1.14
2024-12-14 20:16:19 DEBUG o.JavaPE.CommentServiceApplication - Running with Spring Boot v3.3.5, Spring v6.1.14
2024-12-14 20:16:19 INFO  o.JavaPE.CommentServiceApplication - No active profile set, falling back to 1 default profile: "default"
2024-12-14 20:16:19 INFO  o.JavaPE.CommentServiceApplication - No active profile set, falling back to 1 default profile: "default"
2024-12-14 20:16:19 INFO  o.s.c.c.c.ConfigServerConfigDataLoader - Fetching config from server at : http://localhost:8080/
2024-12-14 20:16:19 INFO  o.s.c.c.c.ConfigServerConfigDataLoader - Located environment: name=comment-service, profiles=[default], label=null, version=null, state=null
2024-12-14 20:16:20 INFO  o.s.d.r.c.RepositoryConfigurationDelegate - Bootstrapping Spring Data JPA repositories in DEFAULT mode.
2024-12-14 20:16:20 INFO  o.s.d.r.c.RepositoryConfigurationDelegate - Finished Spring Data repository scanning in 249 ms. Found 3 JPA repository interfaces.
2024-12-14 20:16:21 INFO  o.s.cloud.context.scope.GenericScope - BeanFactory id=1c93ab98-37b2-3009-ad78-d1baf50d86e8
2024-12-14 20:16:21 WARN  o.s.c.s.PostProcessorRegistrationDelegate$BeanPostProcessorChecker - Bean 'org.springframework.cloud.client.loadbalancer.LoadBalancerAutoConfiguration$DeferringLoadBalancerInterceptorConfig' of type [org.springframework.cloud.client.loadbalancer.LoadBalancerAutoConfiguration$DeferringLoadBalancerInterceptorConfig] is not eligible for getting processed by all BeanPostProcessors (for example: not eligible for auto-proxying). The currently created BeanPostProcessor [lbRestClientPostProcessor] is declared through a non-static factory method on that class; consider declaring it as static instead.
2024-12-14 20:16:21 WARN  o.s.c.s.PostProcessorRegistrationDelegate$BeanPostProcessorChecker - Bean 'deferringLoadBalancerInterceptor' of type [org.springframework.cloud.client.loadbalancer.DeferringLoadBalancerInterceptor] is not eligible for getting processed by all BeanPostProcessors (for example: not eligible for auto-proxying). Is this bean getting eagerly injected/applied to a currently created BeanPostProcessor [lbRestClientPostProcessor]? Check the corresponding BeanPostProcessor declaration and its dependencies/advisors. If this bean does not have to be post-processed, declare it with ROLE_INFRASTRUCTURE.
2024-12-14 20:16:22 INFO  o.s.b.w.e.tomcat.TomcatWebServer - Tomcat initialized with port 8082 (http)
2024-12-14 20:16:22 INFO  o.a.coyote.http11.Http11NioProtocol - Initializing ProtocolHandler ["http-nio-8082"]
2024-12-14 20:16:22 INFO  o.a.catalina.core.StandardService - Starting service [Tomcat]
2024-12-14 20:16:22 INFO  o.a.catalina.core.StandardEngine - Starting Servlet engine: [Apache Tomcat/10.1.31]
2024-12-14 20:16:22 INFO  o.a.c.c.C.[Tomcat].[localhost].[/] - Initializing Spring embedded WebApplicationContext
2024-12-14 20:16:22 INFO  o.s.b.w.s.c.ServletWebServerApplicationContext - Root WebApplicationContext: initialization completed in 2785 ms
2024-12-14 20:16:22 INFO  o.h.jpa.internal.util.LogHelper - HHH000204: Processing PersistenceUnitInfo [name: default]
2024-12-14 20:16:22 INFO  org.hibernate.Version - HHH000412: Hibernate ORM core version 6.5.3.Final
2024-12-14 20:16:22 INFO  o.h.c.i.RegionFactoryInitiator - HHH000026: Second-level cache disabled
2024-12-14 20:16:23 INFO  o.s.o.j.p.SpringPersistenceUnitInfo - No LoadTimeWeaver setup: ignoring JPA class transformer
2024-12-14 20:16:23 INFO  com.zaxxer.hikari.HikariDataSource - HikariPool-1 - Starting...
2024-12-14 20:16:23 INFO  com.zaxxer.hikari.pool.HikariPool - HikariPool-1 - Added connection com.mysql.cj.jdbc.ConnectionImpl@73db7df0
2024-12-14 20:16:23 INFO  com.zaxxer.hikari.HikariDataSource - HikariPool-1 - Start completed.
2024-12-14 20:16:23 WARN  org.hibernate.orm.deprecation - HHH90000025: MySQL8Dialect does not need to be specified explicitly using 'hibernate.dialect' (remove the property setting and it will be selected by default)
2024-12-14 20:16:23 WARN  org.hibernate.orm.deprecation - HHH90000026: MySQL8Dialect has been deprecated; use org.hibernate.dialect.MySQLDialect instead
2024-12-14 20:16:23 INFO  org.JavaPE.ReviewServiceApplication - Starting ReviewServiceApplication using Java 21 with PID 15064 (C:\Users\thibe\Documents\Toegepaste informatica\FullstackJava\project-ThibeauNauwelaertsPXL\backend-java\review-service\target\classes started by thibe in C:\Users\thibe\Documents\Toegepaste informatica\FullstackJava\project-ThibeauNauwelaertsPXL\backend-java)
2024-12-14 20:16:23 INFO  org.JavaPE.ReviewServiceApplication - Starting ReviewServiceApplication using Java 21 with PID 15064 (C:\Users\thibe\Documents\Toegepaste informatica\FullstackJava\project-ThibeauNauwelaertsPXL\backend-java\review-service\target\classes started by thibe in C:\Users\thibe\Documents\Toegepaste informatica\FullstackJava\project-ThibeauNauwelaertsPXL\backend-java)
2024-12-14 20:16:23 DEBUG org.JavaPE.ReviewServiceApplication - Running with Spring Boot v3.3.5, Spring v6.1.14
2024-12-14 20:16:23 DEBUG org.JavaPE.ReviewServiceApplication - Running with Spring Boot v3.3.5, Spring v6.1.14
2024-12-14 20:16:23 INFO  org.JavaPE.ReviewServiceApplication - No active profile set, falling back to 1 default profile: "default"
2024-12-14 20:16:23 INFO  org.JavaPE.ReviewServiceApplication - No active profile set, falling back to 1 default profile: "default"
2024-12-14 20:16:23 INFO  o.s.c.c.c.ConfigServerConfigDataLoader - Fetching config from server at : http://localhost:8080/
2024-12-14 20:16:23 INFO  o.s.c.c.c.ConfigServerConfigDataLoader - Located environment: name=review-service, profiles=[default], label=null, version=null, state=null
2024-12-14 20:16:24 INFO  o.h.e.t.j.p.i.JtaPlatformInitiator - HHH000489: No JTA platform available (set 'hibernate.transaction.jta.platform' to enable JTA platform integration)
2024-12-14 20:16:24 INFO  o.s.o.j.LocalContainerEntityManagerFactoryBean - Initialized JPA EntityManagerFactory for persistence unit 'default'
2024-12-14 20:16:25 INFO  o.s.d.r.c.RepositoryConfigurationDelegate - Bootstrapping Spring Data JPA repositories in DEFAULT mode.
2024-12-14 20:16:25 INFO  o.s.d.r.c.RepositoryConfigurationDelegate - Finished Spring Data repository scanning in 234 ms. Found 2 JPA repository interfaces.
2024-12-14 20:16:25 WARN  o.s.b.a.o.j.JpaBaseConfiguration$JpaWebConfiguration - spring.jpa.open-in-view is enabled by default. Therefore, database queries may be performed during view rendering. Explicitly configure spring.jpa.open-in-view to disable this warning
2024-12-14 20:16:25 INFO  o.s.c.o.FeignClientFactoryBean - For 'post-service' URL not provided. Will try picking an instance via load-balancing.
2024-12-14 20:16:25 INFO  o.s.d.j.r.query.QueryEnhancerFactory - Hibernate is in classpath; If applicable, HQL parser will be used.
2024-12-14 20:16:25 INFO  o.s.cloud.context.scope.GenericScope - BeanFactory id=46bbd909-4ba6-30d8-9148-07a134e28f9f
2024-12-14 20:16:25 WARN  o.s.c.s.PostProcessorRegistrationDelegate$BeanPostProcessorChecker - Bean 'org.springframework.cloud.client.loadbalancer.LoadBalancerAutoConfiguration$DeferringLoadBalancerInterceptorConfig' of type [org.springframework.cloud.client.loadbalancer.LoadBalancerAutoConfiguration$DeferringLoadBalancerInterceptorConfig] is not eligible for getting processed by all BeanPostProcessors (for example: not eligible for auto-proxying). The currently created BeanPostProcessor [lbRestClientPostProcessor] is declared through a non-static factory method on that class; consider declaring it as static instead.
2024-12-14 20:16:25 WARN  o.s.c.s.PostProcessorRegistrationDelegate$BeanPostProcessorChecker - Bean 'deferringLoadBalancerInterceptor' of type [org.springframework.cloud.client.loadbalancer.DeferringLoadBalancerInterceptor] is not eligible for getting processed by all BeanPostProcessors (for example: not eligible for auto-proxying). Is this bean getting eagerly injected/applied to a currently created BeanPostProcessor [lbRestClientPostProcessor]? Check the corresponding BeanPostProcessor declaration and its dependencies/advisors. If this bean does not have to be post-processed, declare it with ROLE_INFRASTRUCTURE.
2024-12-14 20:16:26 INFO  o.s.b.w.e.tomcat.TomcatWebServer - Tomcat initialized with port 8085 (http)
2024-12-14 20:16:26 INFO  o.a.coyote.http11.Http11NioProtocol - Initializing ProtocolHandler ["http-nio-8085"]
2024-12-14 20:16:26 INFO  o.a.catalina.core.StandardService - Starting service [Tomcat]
2024-12-14 20:16:26 INFO  o.a.catalina.core.StandardEngine - Starting Servlet engine: [Apache Tomcat/10.1.31]
2024-12-14 20:16:26 INFO  o.s.c.o.FeignClientFactoryBean - For 'review-service' URL not provided. Will try picking an instance via load-balancing.
2024-12-14 20:16:26 INFO  o.a.c.c.C.[Tomcat].[localhost].[/] - Initializing Spring embedded WebApplicationContext
2024-12-14 20:16:26 INFO  o.s.b.w.s.c.ServletWebServerApplicationContext - Root WebApplicationContext: initialization completed in 2477 ms
2024-12-14 20:16:26 INFO  o.h.jpa.internal.util.LogHelper - HHH000204: Processing PersistenceUnitInfo [name: default]
2024-12-14 20:16:26 INFO  org.hibernate.Version - HHH000412: Hibernate ORM core version 6.5.3.Final
2024-12-14 20:16:26 INFO  o.h.c.i.RegionFactoryInitiator - HHH000026: Second-level cache disabled
2024-12-14 20:16:27 INFO  o.s.o.j.p.SpringPersistenceUnitInfo - No LoadTimeWeaver setup: ignoring JPA class transformer
2024-12-14 20:16:27 INFO  com.zaxxer.hikari.HikariDataSource - HikariPool-1 - Starting...
2024-12-14 20:16:27 WARN  o.s.b.a.f.FreeMarkerAutoConfiguration - Cannot find template location: [classpath:/templates/] (please add some templates, check your FreeMarker configuration, or set spring.freemarker.check-template-location=false)
2024-12-14 20:16:27 INFO  o.s.c.n.e.c.DiscoveryClientOptionalArgsConfiguration - Eureka HTTP Client uses RestTemplate.
2024-12-14 20:16:27 INFO  com.zaxxer.hikari.pool.HikariPool - HikariPool-1 - Added connection com.mysql.cj.jdbc.ConnectionImpl@4b9ed99d
2024-12-14 20:16:27 INFO  com.zaxxer.hikari.HikariDataSource - HikariPool-1 - Start completed.
2024-12-14 20:16:27 WARN  o.s.c.l.c.LoadBalancerCacheAutoConfiguration$LoadBalancerCaffeineWarnLogger - Spring Cloud LoadBalancer is currently working with the default cache. While this cache implementation is useful for development and tests, it's recommended to use Caffeine cache in production.You can switch to using Caffeine cache, by adding it and org.springframework.cache.caffeine.CaffeineCacheManager to the classpath.
2024-12-14 20:16:27 WARN  org.hibernate.orm.deprecation - HHH90000025: MySQL8Dialect does not need to be specified explicitly using 'hibernate.dialect' (remove the property setting and it will be selected by default)
2024-12-14 20:16:27 WARN  org.hibernate.orm.deprecation - HHH90000026: MySQL8Dialect has been deprecated; use org.hibernate.dialect.MySQLDialect instead
2024-12-14 20:16:27 INFO  o.s.c.n.eureka.InstanceInfoFactory - Setting initial instance status as: STARTING
2024-12-14 20:16:27 INFO  c.netflix.discovery.DiscoveryClient - Initializing Eureka in region us-east-1
2024-12-14 20:16:27 INFO  c.n.d.s.r.aws.ConfigClusterResolver - Resolving eureka endpoints via configuration
2024-12-14 20:16:27 INFO  c.netflix.discovery.DiscoveryClient - Disable delta property : false
2024-12-14 20:16:27 INFO  c.netflix.discovery.DiscoveryClient - Single vip registry refresh property : null
2024-12-14 20:16:27 INFO  c.netflix.discovery.DiscoveryClient - Force full registry fetch : false
2024-12-14 20:16:27 INFO  c.netflix.discovery.DiscoveryClient - Application is null : false
2024-12-14 20:16:27 INFO  c.netflix.discovery.DiscoveryClient - Registered Applications size is zero : true
2024-12-14 20:16:27 INFO  c.netflix.discovery.DiscoveryClient - Application version is -1: true
2024-12-14 20:16:27 INFO  c.netflix.discovery.DiscoveryClient - Getting all instance registry info from the eureka server
2024-12-14 20:16:28 INFO  c.netflix.discovery.DiscoveryClient - The response status is 200
2024-12-14 20:16:28 INFO  c.netflix.discovery.DiscoveryClient - Starting heartbeat executor: renew interval is: 30
2024-12-14 20:16:28 INFO  c.n.discovery.InstanceInfoReplicator - InstanceInfoReplicator onDemand update allowed rate per min is 4
2024-12-14 20:16:28 INFO  c.netflix.discovery.DiscoveryClient - Discovery Client initialized at timestamp 1734203788087 with initial instances count: 1
2024-12-14 20:16:28 INFO  o.s.c.n.e.s.EurekaServiceRegistry - Registering application COMMENT-SERVICE with eureka with status UP
2024-12-14 20:16:28 INFO  c.netflix.discovery.DiscoveryClient - Saw local status change event StatusChangeEvent [timestamp=1734203788093, current=UP, previous=STARTING]
2024-12-14 20:16:28 INFO  o.a.coyote.http11.Http11NioProtocol - Starting ProtocolHandler ["http-nio-8082"]
2024-12-14 20:16:28 INFO  c.netflix.discovery.DiscoveryClient - DiscoveryClient_COMMENT-SERVICE/MSI:comment-service:8082: registering service...
2024-12-14 20:16:28 INFO  o.s.b.w.e.tomcat.TomcatWebServer - Tomcat started on port 8082 (http) with context path '/'
2024-12-14 20:16:28 INFO  o.s.c.n.e.s.EurekaAutoServiceRegistration - Updating port to 8082
2024-12-14 20:16:28 INFO  o.s.a.r.c.CachingConnectionFactory - Attempting to connect to: [localhost:5672]
2024-12-14 20:16:28 INFO  c.netflix.discovery.DiscoveryClient - DiscoveryClient_COMMENT-SERVICE/MSI:comment-service:8082 - registration status: 204
2024-12-14 20:16:28 INFO  o.s.a.r.c.CachingConnectionFactory - Created new connection: rabbitConnectionFactory#630fa11e:0/SimpleConnection@1d9ad64f [delegate=amqp://guest@127.0.0.1:5672/, localPort=63779]
2024-12-14 20:16:28 INFO  o.JavaPE.CommentServiceApplication - Started CommentServiceApplication in 10.617 seconds (process running for 11.693)
2024-12-14 20:16:28 INFO  o.JavaPE.CommentServiceApplication - Started CommentServiceApplication in 10.617 seconds (process running for 11.693)
2024-12-14 20:16:28 INFO  o.h.e.t.j.p.i.JtaPlatformInitiator - HHH000489: No JTA platform available (set 'hibernate.transaction.jta.platform' to enable JTA platform integration)
2024-12-14 20:16:29 INFO  o.s.o.j.LocalContainerEntityManagerFactoryBean - Initialized JPA EntityManagerFactory for persistence unit 'default'
2024-12-14 20:16:29 INFO  o.s.d.j.r.query.QueryEnhancerFactory - Hibernate is in classpath; If applicable, HQL parser will be used.
2024-12-14 20:16:30 WARN  o.s.b.a.o.j.JpaBaseConfiguration$JpaWebConfiguration - spring.jpa.open-in-view is enabled by default. Therefore, database queries may be performed during view rendering. Explicitly configure spring.jpa.open-in-view to disable this warning
2024-12-14 20:16:30 INFO  o.s.c.o.FeignClientFactoryBean - For 'review-service' URL not provided. Will try picking an instance via load-balancing.
2024-12-14 20:16:30 INFO  o.s.c.o.FeignClientFactoryBean - For 'post-service' URL not provided. Will try picking an instance via load-balancing.
2024-12-14 20:16:31 INFO  o.s.c.n.e.c.DiscoveryClientOptionalArgsConfiguration - Eureka HTTP Client uses RestTemplate.
2024-12-14 20:16:31 WARN  o.s.c.l.c.LoadBalancerCacheAutoConfiguration$LoadBalancerCaffeineWarnLogger - Spring Cloud LoadBalancer is currently working with the default cache. While this cache implementation is useful for development and tests, it's recommended to use Caffeine cache in production.You can switch to using Caffeine cache, by adding it and org.springframework.cache.caffeine.CaffeineCacheManager to the classpath.
2024-12-14 20:16:31 INFO  o.s.c.n.eureka.InstanceInfoFactory - Setting initial instance status as: STARTING
2024-12-14 20:16:31 INFO  c.netflix.discovery.DiscoveryClient - Initializing Eureka in region us-east-1
2024-12-14 20:16:31 INFO  c.n.d.s.r.aws.ConfigClusterResolver - Resolving eureka endpoints via configuration
2024-12-14 20:16:31 INFO  c.netflix.discovery.DiscoveryClient - Disable delta property : false
2024-12-14 20:16:31 INFO  c.netflix.discovery.DiscoveryClient - Single vip registry refresh property : null
2024-12-14 20:16:31 INFO  c.netflix.discovery.DiscoveryClient - Force full registry fetch : false
2024-12-14 20:16:31 INFO  c.netflix.discovery.DiscoveryClient - Application is null : false
2024-12-14 20:16:31 INFO  c.netflix.discovery.DiscoveryClient - Registered Applications size is zero : true
2024-12-14 20:16:31 INFO  c.netflix.discovery.DiscoveryClient - Application version is -1: true
2024-12-14 20:16:31 INFO  c.netflix.discovery.DiscoveryClient - Getting all instance registry info from the eureka server
2024-12-14 20:16:32 INFO  c.netflix.discovery.DiscoveryClient - The response status is 200
2024-12-14 20:16:32 INFO  c.netflix.discovery.DiscoveryClient - Starting heartbeat executor: renew interval is: 30
2024-12-14 20:16:32 INFO  c.n.discovery.InstanceInfoReplicator - InstanceInfoReplicator onDemand update allowed rate per min is 4
2024-12-14 20:16:32 INFO  c.netflix.discovery.DiscoveryClient - Discovery Client initialized at timestamp 1734203792175 with initial instances count: 3
2024-12-14 20:16:32 INFO  o.s.c.n.e.s.EurekaServiceRegistry - Registering application REVIEW-SERVICE with eureka with status UP
2024-12-14 20:16:32 INFO  c.netflix.discovery.DiscoveryClient - Saw local status change event StatusChangeEvent [timestamp=1734203792182, current=UP, previous=STARTING]
2024-12-14 20:16:32 INFO  o.a.coyote.http11.Http11NioProtocol - Starting ProtocolHandler ["http-nio-8085"]
2024-12-14 20:16:32 INFO  c.netflix.discovery.DiscoveryClient - DiscoveryClient_REVIEW-SERVICE/MSI:review-service:8085: registering service...
2024-12-14 20:16:32 INFO  o.s.b.w.e.tomcat.TomcatWebServer - Tomcat started on port 8085 (http) with context path '/'
2024-12-14 20:16:32 INFO  o.s.c.n.e.s.EurekaAutoServiceRegistration - Updating port to 8085
2024-12-14 20:16:32 INFO  o.s.a.r.c.CachingConnectionFactory - Attempting to connect to: [localhost:5672]
2024-12-14 20:16:32 INFO  c.netflix.discovery.DiscoveryClient - DiscoveryClient_REVIEW-SERVICE/MSI:review-service:8085 - registration status: 204
2024-12-14 20:16:32 INFO  o.s.a.r.c.CachingConnectionFactory - Created new connection: rabbitConnectionFactory#5eab0592:0/SimpleConnection@4116167e [delegate=amqp://guest@127.0.0.1:5672/, localPort=63811]
2024-12-14 20:16:32 INFO  org.JavaPE.ReviewServiceApplication - Started ReviewServiceApplication in 10.108 seconds (process running for 11.193)
2024-12-14 20:16:32 INFO  org.JavaPE.ReviewServiceApplication - Started ReviewServiceApplication in 10.108 seconds (process running for 11.193)
2024-12-14 20:17:17 INFO  o.a.c.c.C.[Tomcat].[localhost].[/] - Initializing Spring DispatcherServlet 'dispatcherServlet'
2024-12-14 20:17:17 INFO  o.s.web.servlet.DispatcherServlet - Initializing Servlet 'dispatcherServlet'
2024-12-14 20:17:17 INFO  o.s.web.servlet.DispatcherServlet - Completed initialization in 1 ms
2024-12-14 20:17:17 INFO  o.JavaPE.controller.PostController - Received request to fetch published posts with role: editor
2024-12-14 20:17:17 INFO  o.JavaPE.controller.PostController - Received request to fetch published posts with role: editor
2024-12-14 20:17:17 INFO  o.JavaPE.controller.PostController - Successfully fetched 1 published posts
2024-12-14 20:17:17 INFO  o.JavaPE.controller.PostController - Successfully fetched 1 published posts
2024-12-14 20:17:28 INFO  o.JavaPE.controller.PostController - Received request to fetch post with ID: 1 and role: editor
2024-12-14 20:17:28 INFO  o.JavaPE.controller.PostController - Received request to fetch post with ID: 1 and role: editor
2024-12-14 20:17:28 INFO  o.JavaPE.controller.PostController - Successfully fetched post with ID: 1
2024-12-14 20:17:28 INFO  o.JavaPE.controller.PostController - Successfully fetched post with ID: 1
